TN:test
SF:/home/helgaalm/Desktop/s21projects/S21_MATRIX/S21_MATRIX/Project1/s21_matrix.c
FN:6,s21_create_matrix
FNDA:684,s21_create_matrix
FN:24,s21_remove_matrix
FNDA:691,s21_remove_matrix
FN:35,s21_eq_matrix
FNDA:46,s21_eq_matrix
FN:50,s21_matrix_size_equal
FNDA:79,s21_matrix_size_equal
FN:63,s21_matrix_is_not_null
FNDA:648,s21_matrix_is_not_null
FN:78,s21_sum_matrix
FNDA:17,s21_sum_matrix
FN:93,s21_sub_matrix
FNDA:16,s21_sub_matrix
FN:108,s21_mult_number
FNDA:14,s21_mult_number
FN:126,s21_mult_matrix
FNDA:7,s21_mult_matrix
FN:150,s21_transpose
FNDA:9,s21_transpose
FN:172,s21_calc_complements
FNDA:13,s21_calc_complements
FN:198,s21_determinant
FNDA:439,s21_determinant
FN:228,s21_minor
FNDA:417,s21_minor
FN:246,s21_inverse_matrix
FNDA:7,s21_inverse_matrix
FN:262,is_square_matrix
FNDA:459,is_square_matrix
DA:6,684
DA:8,684
DA:9,684
DA:10,684
DA:11,684
DA:12,660
DA:13,660
DA:14,660
DA:15,660
DA:16,9891
DA:17,9231
DA:18,9231
DA:21,684
DA:24,691
DA:25,691
DA:26,9875
DA:27,9219
DA:28,9219
DA:30,656
DA:32,691
DA:35,46
DA:36,46
DA:37,46
DA:38,269
DA:39,5620
DA:40,5392
DA:41,5391
DA:42,4
DA:47,46
DA:50,79
DA:51,79
DA:52,79
DA:53,72
DA:54,12
DA:58,7
DA:60,79
DA:63,648
DA:64,648
DA:65,648
DA:66,6592
DA:67,5959
DA:68,0
DA:73,15
DA:75,648
DA:78,17
DA:79,17
DA:80,17
DA:81,11
DA:82,1
DA:84,1079
DA:85,1004964
DA:86,1003896
DA:90,17
DA:93,16
DA:94,16
DA:95,16
DA:96,8
DA:97,1
DA:99,1022
DA:100,1001052
DA:101,1000038
DA:105,16
DA:108,14
DA:109,14
DA:110,14
DA:111,1
DA:114,13
DA:115,0
DA:117,44
DA:118,112
DA:119,81
DA:123,14
DA:126,7
DA:127,7
DA:128,7
DA:129,5
DA:130,1
DA:131,5
DA:132,0
DA:134,16
DA:135,54
DA:136,43
DA:137,161
DA:138,118
DA:140,43
DA:145,2
DA:147,7
DA:150,9
DA:151,9
DA:153,9
DA:154,1
DA:155,9
DA:156,29
DA:157,79
DA:158,58
DA:161,8
DA:162,8
DA:163,8
DA:167,1
DA:169,9
DA:172,13
DA:173,13
DA:174,13
DA:176,9
DA:177,36
DA:178,108
DA:179,81
DA:181,81
DA:182,81
DA:183,81
DA:184,81
DA:187,9
DA:188,9
DA:189,9
DA:192,4
DA:194,13
DA:198,439
DA:199,439
DA:200,439
DA:201,437
DA:202,437
DA:203,0
DA:205,437
DA:206,2
DA:208,435
DA:209,331
DA:213,440
DA:214,336
DA:215,336
DA:216,336
DA:217,336
DA:218,336
DA:219,336
DA:222,104
DA:225,439
DA:228,417
DA:229,417
DA:230,417
DA:231,1770
DA:232,1353
DA:233,4080
DA:234,3144
DA:235,2208
DA:236,2208
DA:239,936
DA:240,936
DA:243,417
DA:246,7
DA:247,7
DA:248,7
DA:249,5
DA:250,5
DA:251,5
DA:252,1
DA:253,5
DA:254,4
DA:255,4
DA:256,4
DA:259,7
DA:262,459
DA:263,459
DA:264,459
DA:265,4
DA:266,455
DA:267,4
DA:268,459
end_of_record
